# JRE version: Java(TM) SE Runtime Environment (19.0.1+10) (build 19.0.1+10-21)
# Java VM: Java HotSpot(TM) 64-Bit Server VM (19.0.1+10-21, mixed mode, emulated-client, sharing, tiered, compressed oops, compressed class ptrs, g1 gc, windows-amd64)
GC Precious Log:
 CardTable entry size: 512
 Card Set container configuration: InlinePtr #cards 4 size 8 Array Of Cards #cards 16 size 48 Howl #buckets 8 coarsen threshold 3686 Howl Bitmap #cards 512 size 80 coarsen threshold 460 Card regions per heap region 1 cards per card region 4096
 CPUs: 12 total, 12 available
 Memory: 15926M
 Large Page Support: Disabled
 NUMA Support: Disabled
 Compressed Oops: Enabled (Zero based)
 Heap Region Size: 2M
 Heap Min Capacity: 8M
 Heap Initial Capacity: 250M
 Heap Max Capacity: 3982M
 Pre-touch: Disabled
 Parallel Workers: 10
 Concurrent Workers: 3
 Concurrent Refinement Workers: 10
 Periodic GC: Disabled
Heap:
 garbage-first heap   total 110592K, used 85829K [0x0000000707200000, 0x0000000800000000)
  region size 2048K, 21 young (43008K), 1 survivors (2048K)
 Metaspace       used 80071K, committed 80896K, reserved 1179648K
  class space    used 10501K, committed 10880K, reserved 1048576K
GC Heap History (20 events):
Event: 1620.647 GC heap after
{Heap after GC invocations=61 (full 9):
 garbage-first heap   total 110592K, used 41369K [0x0000000707200000, 0x0000000800000000)
  region size 2048K, 2 young (4096K), 2 survivors (4096K)
 Metaspace       used 78698K, committed 79424K, reserved 1179648K
  class space    used 10327K, committed 10688K, reserved 1048576K
}
Event: 1621.081 GC heap before
{Heap before GC invocations=61 (full 9):
 garbage-first heap   total 110592K, used 82329K [0x0000000707200000, 0x0000000800000000)
  region size 2048K, 22 young (45056K), 2 survivors (4096K)
 Metaspace       used 79134K, committed 79808K, reserved 1179648K
  class space    used 10361K, committed 10688K, reserved 1048576K
}
Event: 1621.084 GC heap after
{Heap after GC invocations=62 (full 9):
 garbage-first heap   total 110592K, used 42586K [0x0000000707200000, 0x0000000800000000)
  region size 2048K, 3 young (6144K), 3 survivors (6144K)
 Metaspace       used 79134K, committed 79808K, reserved 1179648K
  class space    used 10361K, committed 10688K, reserved 1048576K
}
Event: 1621.420 GC heap before
{Heap before GC invocations=62 (full 9):
 garbage-first heap   total 110592K, used 81498K [0x0000000707200000, 0x0000000800000000)
  region size 2048K, 22 young (45056K), 3 survivors (6144K)
 Metaspace       used 79644K, committed 80384K, reserved 1179648K
  class space    used 10395K, committed 10752K, reserved 1048576K
}
Event: 1621.424 GC heap after
{Heap after GC invocations=63 (full 9):
 garbage-first heap   total 110592K, used 44744K [0x0000000707200000, 0x0000000800000000)
  region size 2048K, 2 young (4096K), 2 survivors (4096K)
 Metaspace       used 79644K, committed 80384K, reserved 1179648K
  class space    used 10395K, committed 10752K, reserved 1048576K
}
Event: 1873.096 GC heap before
{Heap before GC invocations=63 (full 9):
 garbage-first heap   total 110592K, used 83656K [0x0000000707200000, 0x0000000800000000)
  region size 2048K, 21 young (43008K), 2 survivors (4096K)
 Metaspace       used 79644K, committed 80384K, reserved 1179648K
  class space    used 10395K, committed 10752K, reserved 1048576K
}
Event: 1873.100 GC heap after
{Heap after GC invocations=64 (full 9):
 garbage-first heap   total 110592K, used 44389K [0x0000000707200000, 0x0000000800000000)
  region size 2048K, 1 young (2048K), 1 survivors (2048K)
 Metaspace       used 79644K, committed 80384K, reserved 1179648K
  class space    used 10395K, committed 10752K, reserved 1048576K
}
Event: 2154.206 GC heap before
{Heap before GC invocations=64 (full 9):
 garbage-first heap   total 110592K, used 85349K [0x0000000707200000, 0x0000000800000000)
  region size 2048K, 21 young (43008K), 1 survivors (2048K)
 Metaspace       used 79646K, committed 80384K, reserved 1179648K
  class space    used 10395K, committed 10752K, reserved 1048576K
}
Event: 2154.213 GC heap after
{Heap after GC invocations=65 (full 9):
 garbage-first heap   total 110592K, used 44247K [0x0000000707200000, 0x0000000800000000)
  region size 2048K, 1 young (2048K), 1 survivors (2048K)
 Metaspace       used 79646K, committed 80384K, reserved 1179648K
  class space    used 10395K, committed 10752K, reserved 1048576K
}
Event: 2171.485 GC heap before
{Heap before GC invocations=65 (full 9):
 garbage-first heap   total 110592K, used 48343K [0x0000000707200000, 0x0000000800000000)
  region size 2048K, 4 young (8192K), 1 survivors (2048K)
 Metaspace       used 79649K, committed 80384K, reserved 1179648K
  class space    used 10396K, committed 10752K, reserved 1048576K
}
Event: 2171.593 GC heap after
{Heap after GC invocations=66 (full 10):
 garbage-first heap   total 110592K, used 31767K [0x0000000707200000, 0x0000000800000000)
  region size 2048K, 0 young (0K), 0 survivors (0K)
 Metaspace       used 78006K, committed 80064K, reserved 1179648K
  class space    used 10242K, committed 10752K, reserved 1048576K
}
Event: 2173.748 GC heap before
{Heap before GC invocations=66 (full 10):
 garbage-first heap   total 110592K, used 89111K [0x0000000707200000, 0x0000000800000000)
  region size 2048K, 28 young (57344K), 0 survivors (0K)
 Metaspace       used 78498K, committed 80064K, reserved 1179648K
  class space    used 10320K, committed 10752K, reserved 1048576K
}
Event: 2173.754 GC heap after
{Heap after GC invocations=67 (full 10):
 garbage-first heap   total 110592K, used 37456K [0x0000000707200000, 0x0000000800000000)
  region size 2048K, 3 young (6144K), 3 survivors (6144K)
 Metaspace       used 78498K, committed 80064K, reserved 1179648K
  class space    used 10320K, committed 10752K, reserved 1048576K
}
Event: 2174.804 GC heap before
{Heap before GC invocations=67 (full 10):
 garbage-first heap   total 110592K, used 86608K [0x0000000707200000, 0x0000000800000000)
  region size 2048K, 27 young (55296K), 3 survivors (6144K)
 Metaspace       used 78833K, committed 80064K, reserved 1179648K
  class space    used 10352K, committed 10752K, reserved 1048576K
}
Event: 2174.810 GC heap after
{Heap after GC invocations=68 (full 10):
 garbage-first heap   total 110592K, used 40353K [0x0000000707200000, 0x0000000800000000)
  region size 2048K, 2 young (4096K), 2 survivors (4096K)
 Metaspace       used 78833K, committed 80064K, reserved 1179648K
  class space    used 10352K, committed 10752K, reserved 1048576K
}
Event: 2175.656 GC heap before
{Heap before GC invocations=68 (full 10):
 garbage-first heap   total 110592K, used 85409K [0x0000000707200000, 0x0000000800000000)
  region size 2048K, 24 young (49152K), 2 survivors (4096K)
 Metaspace       used 79320K, committed 80064K, reserved 1179648K
  class space    used 10386K, committed 10752K, reserved 1048576K
}
Event: 2175.659 GC heap after
{Heap after GC invocations=69 (full 10):
 garbage-first heap   total 110592K, used 42075K [0x0000000707200000, 0x0000000800000000)
  region size 2048K, 3 young (6144K), 3 survivors (6144K)
 Metaspace       used 79320K, committed 80064K, reserved 1179648K
  class space    used 10386K, committed 10752K, reserved 1048576K
}
Event: 2179.825 GC heap before
{Heap before GC invocations=69 (full 10):
 garbage-first heap   total 110592K, used 85083K [0x0000000707200000, 0x0000000800000000)
  region size 2048K, 24 young (49152K), 3 survivors (6144K)
 Metaspace       used 79965K, committed 80768K, reserved 1179648K
  class space    used 10482K, committed 10880K, reserved 1048576K
}
Event: 2179.832 GC heap after
{Heap after GC invocations=70 (full 10):
 garbage-first heap   total 110592K, used 44869K [0x0000000707200000, 0x0000000800000000)
  region size 2048K, 3 young (6144K), 3 survivors (6144K)
 Metaspace       used 79965K, committed 80768K, reserved 1179648K
  class space    used 10482K, committed 10880K, reserved 1048576K
}
Event: 2403.287 GC heap before
{Heap before GC invocations=70 (full 10):
 garbage-first heap   total 110592K, used 85829K [0x0000000707200000, 0x0000000800000000)
  region size 2048K, 23 young (47104K), 3 survivors (6144K)
 Metaspace       used 80071K, committed 80896K, reserved 1179648K
  class space    used 10501K, committed 10880K, reserved 1048576K
}

